<?xml version="1.0" encoding="UTF-8" ?>
<testsuites name="vitest tests" tests="1" failures="1" errors="0" time="1.852">
    <testsuite name="src/MainApp.test.tsx" timestamp="2023-03-04T00:00:35.536Z" hostname="MacBook-Pro-de-Suhard-2.local" tests="1" failures="1" errors="0" skipped="0" time="1.019">
        <testcase classname="src/MainApp.test.tsx" name="Main Application &gt; configures a router and displays Login page" time="1.018">
            <failure message="Unable to find an element with the text: /Signin/. This could be because the text is broken up by multiple elements. In this case, you can provide a function for your text matcher to make your matcher more flexible.

Ignored nodes: comments, script, style
[36m&lt;body&gt;[39m
  [36m&lt;div&gt;[39m
    [36m&lt;p&gt;[39m
      [0mOh no... [0m
      [0m[Network] fetch is not defined[0m
    [36m&lt;/p&gt;[39m
  [36m&lt;/div&gt;[39m
[36m&lt;/body&gt;[39m

Ignored nodes: comments, script, style
[36m&lt;body&gt;[39m
  [36m&lt;div&gt;[39m
    [36m&lt;p&gt;[39m
      [0mOh no... [0m
      [0m[Network] fetch is not defined[0m
    [36m&lt;/p&gt;[39m
  [36m&lt;/div&gt;[39m
[36m&lt;/body&gt;[39m" type="TestingLibraryElementError">
TestingLibraryElementError: Unable to find an element with the text: /Signin/. This could be because the text is broken up by multiple elements. In this case, you can provide a function for your text matcher to make your matcher more flexible.

Ignored nodes: comments, script, style
[36m&lt;body&gt;[39m
  [36m&lt;div&gt;[39m
    [36m&lt;p&gt;[39m
      [0mOh no... [0m
      [0m[Network] fetch is not defined[0m
    [36m&lt;/p&gt;[39m
  [36m&lt;/div&gt;[39m
[36m&lt;/body&gt;[39m

Ignored nodes: comments, script, style
[36m&lt;body&gt;[39m
  [36m&lt;div&gt;[39m
    [36m&lt;p&gt;[39m
      [0mOh no... [0m
      [0m[Network] fetch is not defined[0m
    [36m&lt;/p&gt;[39m
  [36m&lt;/div&gt;[39m
[36m&lt;/body&gt;[39m
 ❯ waitForWrapper ../../node_modules/@testing-library/dom/dist/wait-for.js:166:27
 ❯ ../../node_modules/@testing-library/dom/dist/query-helpers.js:86:33
 ❯ src/MainApp.test.tsx:14:25
            </failure>
        </testcase>
    </testsuite>
</testsuites>
